<?xml version="1.0" encoding="UTF-8"?>
<testsuite name="com.example.calculatorservice.CalculatorServiceApplicationTests" tests="1" skipped="0" failures="0" errors="0" timestamp="2020-04-04T19:16:00" hostname="le-71" time="0.006">
  <properties/>
  <testcase name="contextLoads()" classname="com.example.calculatorservice.CalculatorServiceApplicationTests" time="0.006"/>
  <system-out><![CDATA[2020-04-04 21:15:59.488  INFO 17252 --- [    Test worker] .b.t.c.SpringBootTestContextBootstrapper : Neither @ContextConfiguration nor @ContextHierarchy found for test class [com.example.calculatorservice.CalculatorServiceApplicationTests], using SpringBootContextLoader
2020-04-04 21:15:59.490  INFO 17252 --- [    Test worker] o.s.t.c.support.AbstractContextLoader    : Could not detect default resource locations for test class [com.example.calculatorservice.CalculatorServiceApplicationTests]: no resource found for suffixes {-context.xml, Context.groovy}.
2020-04-04 21:15:59.490  INFO 17252 --- [    Test worker] t.c.s.AnnotationConfigContextLoaderUtils : Could not detect default configuration classes for test class [com.example.calculatorservice.CalculatorServiceApplicationTests]: CalculatorServiceApplicationTests does not declare any static, non-private, non-final, nested classes annotated with @Configuration.
2020-04-04 21:15:59.492  INFO 17252 --- [    Test worker] .b.t.c.SpringBootTestContextBootstrapper : Found @SpringBootConfiguration com.example.calculatorservice.CalculatorServiceApplication for test class com.example.calculatorservice.CalculatorServiceApplicationTests
2020-04-04 21:15:59.495  INFO 17252 --- [    Test worker] .b.t.c.SpringBootTestContextBootstrapper : Loaded default TestExecutionListener class names from location [META-INF/spring.factories]: [org.springframework.boot.test.autoconfigure.restdocs.RestDocsTestExecutionListener, org.springframework.boot.test.autoconfigure.web.client.MockRestServiceServerResetTestExecutionListener, org.springframework.boot.test.autoconfigure.web.servlet.MockMvcPrintOnlyOnFailureTestExecutionListener, org.springframework.boot.test.autoconfigure.web.servlet.WebDriverTestExecutionListener, org.springframework.boot.test.mock.mockito.MockitoTestExecutionListener, org.springframework.boot.test.mock.mockito.ResetMocksTestExecutionListener, org.springframework.test.context.web.ServletTestExecutionListener, org.springframework.test.context.support.DirtiesContextBeforeModesTestExecutionListener, org.springframework.test.context.support.DependencyInjectionTestExecutionListener, org.springframework.test.context.support.DirtiesContextTestExecutionListener, org.springframework.test.context.transaction.TransactionalTestExecutionListener, org.springframework.test.context.jdbc.SqlScriptsTestExecutionListener, org.springframework.test.context.event.EventPublishingTestExecutionListener]
2020-04-04 21:15:59.496  INFO 17252 --- [    Test worker] .b.t.c.SpringBootTestContextBootstrapper : Using TestExecutionListeners: [org.springframework.test.context.web.ServletTestExecutionListener@392a1f6c, org.springframework.test.context.support.DirtiesContextBeforeModesTestExecutionListener@4ae79907, org.springframework.boot.test.mock.mockito.MockitoTestExecutionListener@2bd62ddb, org.springframework.boot.test.autoconfigure.SpringBootDependencyInjectionTestExecutionListener@1065dc03, org.springframework.test.context.support.DirtiesContextTestExecutionListener@795d701c, org.springframework.test.context.event.EventPublishingTestExecutionListener@f84e191, org.springframework.boot.test.autoconfigure.restdocs.RestDocsTestExecutionListener@1526ad4f, org.springframework.boot.test.autoconfigure.web.client.MockRestServiceServerResetTestExecutionListener@2b9dee2c, org.springframework.boot.test.autoconfigure.web.servlet.MockMvcPrintOnlyOnFailureTestExecutionListener@3952a6d3, org.springframework.boot.test.autoconfigure.web.servlet.WebDriverTestExecutionListener@11f24001, org.springframework.boot.test.mock.mockito.ResetMocksTestExecutionListener@319edba5]

  .   ____          _            __ _ _
 /\\ / ___'_ __ _ _(_)_ __  __ _ \ \ \ \
( ( )\___ | '_ | '_| | '_ \/ _` | \ \ \ \
 \\/  ___)| |_)| | | | | || (_| |  ) ) ) )
  '  |____| .__|_| |_|_| |_\__, | / / / /
 =========|_|==============|___/=/_/_/_/
 :: Spring Boot ::        (v2.2.6.RELEASE)

2020-04-04 21:15:59.522  INFO 17252 --- [    Test worker] c.e.c.CalculatorServiceApplicationTests  : Starting CalculatorServiceApplicationTests on le-71 with PID 17252 (started by david in /home/david/Devel/A_SPRING/springGradleJar11RESTWebCalculator/calculator-service)
2020-04-04 21:15:59.523  INFO 17252 --- [    Test worker] c.e.c.CalculatorServiceApplicationTests  : No active profile set, falling back to default profiles: default
2020-04-04 21:15:59.918  INFO 17252 --- [    Test worker] o.s.s.concurrent.ThreadPoolTaskExecutor  : Initializing ExecutorService 'applicationTaskExecutor'
2020-04-04 21:16:00.083  INFO 17252 --- [    Test worker] c.e.c.CalculatorServiceApplicationTests  : Started CalculatorServiceApplicationTests in 0.583 seconds (JVM running for 6.579)
]]></system-out>
  <system-err><![CDATA[]]></system-err>
</testsuite>
