<?xml version="1.0" encoding="UTF-8"?>
<testsuite name="com.example.calculatorservice.CalculationControllerTest" tests="1" skipped="0" failures="0" errors="0" timestamp="2020-04-04T19:15:59" hostname="le-71" time="0.045">
  <properties/>
  <testcase name="getExampleCalculation()" classname="com.example.calculatorservice.CalculationControllerTest" time="0.045"/>
  <system-out><![CDATA[2020-04-04 21:15:58.582  INFO 17252 --- [    Test worker] .b.t.c.SpringBootTestContextBootstrapper : Neither @ContextConfiguration nor @ContextHierarchy found for test class [com.example.calculatorservice.CalculationControllerTest], using SpringBootContextLoader
2020-04-04 21:15:58.584  INFO 17252 --- [    Test worker] o.s.t.c.support.AbstractContextLoader    : Could not detect default resource locations for test class [com.example.calculatorservice.CalculationControllerTest]: no resource found for suffixes {-context.xml, Context.groovy}.
2020-04-04 21:15:58.584  INFO 17252 --- [    Test worker] t.c.s.AnnotationConfigContextLoaderUtils : Could not detect default configuration classes for test class [com.example.calculatorservice.CalculationControllerTest]: CalculationControllerTest does not declare any static, non-private, non-final, nested classes annotated with @Configuration.
2020-04-04 21:15:58.593  INFO 17252 --- [    Test worker] .b.t.c.SpringBootTestContextBootstrapper : Found @SpringBootConfiguration com.example.calculatorservice.CalculatorServiceApplication for test class com.example.calculatorservice.CalculationControllerTest
2020-04-04 21:15:58.595  INFO 17252 --- [    Test worker] .b.t.c.SpringBootTestContextBootstrapper : Loaded default TestExecutionListener class names from location [META-INF/spring.factories]: [org.springframework.boot.test.autoconfigure.restdocs.RestDocsTestExecutionListener, org.springframework.boot.test.autoconfigure.web.client.MockRestServiceServerResetTestExecutionListener, org.springframework.boot.test.autoconfigure.web.servlet.MockMvcPrintOnlyOnFailureTestExecutionListener, org.springframework.boot.test.autoconfigure.web.servlet.WebDriverTestExecutionListener, org.springframework.boot.test.mock.mockito.MockitoTestExecutionListener, org.springframework.boot.test.mock.mockito.ResetMocksTestExecutionListener, org.springframework.test.context.web.ServletTestExecutionListener, org.springframework.test.context.support.DirtiesContextBeforeModesTestExecutionListener, org.springframework.test.context.support.DependencyInjectionTestExecutionListener, org.springframework.test.context.support.DirtiesContextTestExecutionListener, org.springframework.test.context.transaction.TransactionalTestExecutionListener, org.springframework.test.context.jdbc.SqlScriptsTestExecutionListener, org.springframework.test.context.event.EventPublishingTestExecutionListener]
2020-04-04 21:15:58.596  INFO 17252 --- [    Test worker] .b.t.c.SpringBootTestContextBootstrapper : Using TestExecutionListeners: [org.springframework.test.context.web.ServletTestExecutionListener@5f95242c, org.springframework.test.context.support.DirtiesContextBeforeModesTestExecutionListener@1eda8fce, org.springframework.boot.test.mock.mockito.MockitoTestExecutionListener@22500cec, org.springframework.boot.test.autoconfigure.SpringBootDependencyInjectionTestExecutionListener@7e3ab015, org.springframework.test.context.support.DirtiesContextTestExecutionListener@8f84fba, org.springframework.test.context.event.EventPublishingTestExecutionListener@42161594, org.springframework.boot.test.autoconfigure.restdocs.RestDocsTestExecutionListener@60034656, org.springframework.boot.test.autoconfigure.web.client.MockRestServiceServerResetTestExecutionListener@4b12e85b, org.springframework.boot.test.autoconfigure.web.servlet.MockMvcPrintOnlyOnFailureTestExecutionListener@15deb1c, org.springframework.boot.test.autoconfigure.web.servlet.WebDriverTestExecutionListener@7315e416, org.springframework.boot.test.mock.mockito.ResetMocksTestExecutionListener@95e3dd4]

  .   ____          _            __ _ _
 /\\ / ___'_ __ _ _(_)_ __  __ _ \ \ \ \
( ( )\___ | '_ | '_| | '_ \/ _` | \ \ \ \
 \\/  ___)| |_)| | | | | || (_| |  ) ) ) )
  '  |____| .__|_| |_|_| |_\__, | / / / /
 =========|_|==============|___/=/_/_/_/
 :: Spring Boot ::        (v2.2.6.RELEASE)

2020-04-04 21:15:58.644  INFO 17252 --- [    Test worker] c.e.c.CalculationControllerTest          : Starting CalculationControllerTest on le-71 with PID 17252 (started by david in /home/david/Devel/A_SPRING/springGradleJar11RESTWebCalculator/calculator-service)
2020-04-04 21:15:58.645  INFO 17252 --- [    Test worker] c.e.c.CalculationControllerTest          : No active profile set, falling back to default profiles: default
2020-04-04 21:15:59.191  INFO 17252 --- [    Test worker] o.s.s.concurrent.ThreadPoolTaskExecutor  : Initializing ExecutorService 'applicationTaskExecutor'
2020-04-04 21:15:59.406  INFO 17252 --- [    Test worker] o.s.b.t.m.w.SpringBootMockServletContext : Initializing Spring TestDispatcherServlet ''
2020-04-04 21:15:59.406  INFO 17252 --- [    Test worker] o.s.t.web.servlet.TestDispatcherServlet  : Initializing Servlet ''
2020-04-04 21:15:59.410  INFO 17252 --- [    Test worker] o.s.t.web.servlet.TestDispatcherServlet  : Completed initialization in 4 ms
2020-04-04 21:15:59.424  INFO 17252 --- [    Test worker] c.e.c.CalculationControllerTest          : Started CalculationControllerTest in 0.819 seconds (JVM running for 5.921)
]]></system-out>
  <system-err><![CDATA[]]></system-err>
</testsuite>
