<?xml version="1.0" encoding="UTF-8"?>
<testsuite name="com.example.calculatorservice.CalculationControllerIT" tests="1" skipped="0" failures="0" errors="0" timestamp="2020-04-04T19:15:57" hostname="le-71" time="0.893">
  <properties/>
  <testcase name="getHello()" classname="com.example.calculatorservice.CalculationControllerIT" time="0.893"/>
  <system-out><![CDATA[21:15:54.441 [Test worker] DEBUG org.springframework.test.context.BootstrapUtils - Instantiating CacheAwareContextLoaderDelegate from class [org.springframework.test.context.cache.DefaultCacheAwareContextLoaderDelegate]
21:15:54.457 [Test worker] DEBUG org.springframework.test.context.BootstrapUtils - Instantiating BootstrapContext using constructor [public org.springframework.test.context.support.DefaultBootstrapContext(java.lang.Class,org.springframework.test.context.CacheAwareContextLoaderDelegate)]
21:15:54.491 [Test worker] DEBUG org.springframework.test.context.BootstrapUtils - Instantiating TestContextBootstrapper for test class [com.example.calculatorservice.CalculationControllerIT] from class [org.springframework.boot.test.context.SpringBootTestContextBootstrapper]
21:15:54.509 [Test worker] INFO org.springframework.boot.test.context.SpringBootTestContextBootstrapper - Neither @ContextConfiguration nor @ContextHierarchy found for test class [com.example.calculatorservice.CalculationControllerIT], using SpringBootContextLoader
21:15:54.513 [Test worker] DEBUG org.springframework.test.context.support.AbstractContextLoader - Did not detect default resource location for test class [com.example.calculatorservice.CalculationControllerIT]: class path resource [com/example/calculatorservice/CalculationControllerIT-context.xml] does not exist
21:15:54.514 [Test worker] DEBUG org.springframework.test.context.support.AbstractContextLoader - Did not detect default resource location for test class [com.example.calculatorservice.CalculationControllerIT]: class path resource [com/example/calculatorservice/CalculationControllerITContext.groovy] does not exist
21:15:54.515 [Test worker] INFO org.springframework.test.context.support.AbstractContextLoader - Could not detect default resource locations for test class [com.example.calculatorservice.CalculationControllerIT]: no resource found for suffixes {-context.xml, Context.groovy}.
21:15:54.516 [Test worker] INFO org.springframework.test.context.support.AnnotationConfigContextLoaderUtils - Could not detect default configuration classes for test class [com.example.calculatorservice.CalculationControllerIT]: CalculationControllerIT does not declare any static, non-private, non-final, nested classes annotated with @Configuration.
21:15:54.569 [Test worker] DEBUG org.springframework.test.context.support.ActiveProfilesUtils - Could not find an 'annotation declaring class' for annotation type [org.springframework.test.context.ActiveProfiles] and class [com.example.calculatorservice.CalculationControllerIT]
21:15:54.646 [Test worker] DEBUG org.springframework.context.annotation.ClassPathScanningCandidateComponentProvider - Identified candidate component class: file [/home/david/Devel/A_SPRING/springGradleJar11RESTWebCalculator/calculator-service/build/classes/java/main/com/example/calculatorservice/CalculatorServiceApplication.class]
21:15:54.647 [Test worker] INFO org.springframework.boot.test.context.SpringBootTestContextBootstrapper - Found @SpringBootConfiguration com.example.calculatorservice.CalculatorServiceApplication for test class com.example.calculatorservice.CalculationControllerIT
21:15:54.752 [Test worker] DEBUG org.springframework.boot.test.context.SpringBootTestContextBootstrapper - @TestExecutionListeners is not present for class [com.example.calculatorservice.CalculationControllerIT]: using defaults.
21:15:54.752 [Test worker] INFO org.springframework.boot.test.context.SpringBootTestContextBootstrapper - Loaded default TestExecutionListener class names from location [META-INF/spring.factories]: [org.springframework.boot.test.autoconfigure.restdocs.RestDocsTestExecutionListener, org.springframework.boot.test.autoconfigure.web.client.MockRestServiceServerResetTestExecutionListener, org.springframework.boot.test.autoconfigure.web.servlet.MockMvcPrintOnlyOnFailureTestExecutionListener, org.springframework.boot.test.autoconfigure.web.servlet.WebDriverTestExecutionListener, org.springframework.boot.test.mock.mockito.MockitoTestExecutionListener, org.springframework.boot.test.mock.mockito.ResetMocksTestExecutionListener, org.springframework.test.context.web.ServletTestExecutionListener, org.springframework.test.context.support.DirtiesContextBeforeModesTestExecutionListener, org.springframework.test.context.support.DependencyInjectionTestExecutionListener, org.springframework.test.context.support.DirtiesContextTestExecutionListener, org.springframework.test.context.transaction.TransactionalTestExecutionListener, org.springframework.test.context.jdbc.SqlScriptsTestExecutionListener, org.springframework.test.context.event.EventPublishingTestExecutionListener]
21:15:54.764 [Test worker] DEBUG org.springframework.boot.test.context.SpringBootTestContextBootstrapper - Skipping candidate TestExecutionListener [org.springframework.test.context.transaction.TransactionalTestExecutionListener] due to a missing dependency. Specify custom listener classes or make the default listener classes and their required dependencies available. Offending class: [org/springframework/transaction/interceptor/TransactionAttributeSource]
21:15:54.765 [Test worker] DEBUG org.springframework.boot.test.context.SpringBootTestContextBootstrapper - Skipping candidate TestExecutionListener [org.springframework.test.context.jdbc.SqlScriptsTestExecutionListener] due to a missing dependency. Specify custom listener classes or make the default listener classes and their required dependencies available. Offending class: [org/springframework/transaction/interceptor/TransactionAttribute]
21:15:54.766 [Test worker] INFO org.springframework.boot.test.context.SpringBootTestContextBootstrapper - Using TestExecutionListeners: [org.springframework.test.context.web.ServletTestExecutionListener@185ea94f, org.springframework.test.context.support.DirtiesContextBeforeModesTestExecutionListener@60894f87, org.springframework.boot.test.mock.mockito.MockitoTestExecutionListener@50098102, org.springframework.boot.test.autoconfigure.SpringBootDependencyInjectionTestExecutionListener@77502fac, org.springframework.test.context.support.DirtiesContextTestExecutionListener@1a29f4d8, org.springframework.test.context.event.EventPublishingTestExecutionListener@30f6656d, org.springframework.boot.test.autoconfigure.restdocs.RestDocsTestExecutionListener@2cebe3e0, org.springframework.boot.test.autoconfigure.web.client.MockRestServiceServerResetTestExecutionListener@5ab0949e, org.springframework.boot.test.autoconfigure.web.servlet.MockMvcPrintOnlyOnFailureTestExecutionListener@fea3424, org.springframework.boot.test.autoconfigure.web.servlet.WebDriverTestExecutionListener@c34e5b9, org.springframework.boot.test.mock.mockito.ResetMocksTestExecutionListener@7f33f33c]
21:15:54.770 [Test worker] DEBUG org.springframework.test.context.support.AbstractDirtiesContextTestExecutionListener - Before test class: context [DefaultTestContext@421bf703 testClass = CalculationControllerIT, testInstance = [null], testMethod = [null], testException = [null], mergedContextConfiguration = [WebMergedContextConfiguration@7387328d testClass = CalculationControllerIT, locations = '{}', classes = '{class com.example.calculatorservice.CalculatorServiceApplication}', contextInitializerClasses = '[]', activeProfiles = '{}', propertySourceLocations = '{}', propertySourceProperties = '{org.springframework.boot.test.context.SpringBootTestContextBootstrapper=true, server.port=0}', contextCustomizers = set[org.springframework.boot.test.autoconfigure.properties.PropertyMappingContextCustomizer@0, org.springframework.boot.test.autoconfigure.web.servlet.WebDriverContextCustomizerFactory$Customizer@7c4a025d, org.springframework.boot.test.context.filter.ExcludeFilterContextCustomizer@7c2a8718, org.springframework.boot.test.json.DuplicateJsonObjectContextCustomizerFactory$DuplicateJsonObjectContextCustomizer@930e0f1, org.springframework.boot.test.mock.mockito.MockitoContextCustomizer@0, org.springframework.boot.test.web.client.TestRestTemplateContextCustomizer@1d1ee8a2], resourceBasePath = 'src/main/webapp', contextLoader = 'org.springframework.boot.test.context.SpringBootContextLoader', parent = [null]], attributes = map['org.springframework.test.context.web.ServletTestExecutionListener.activateListener' -> false]], class annotated with @DirtiesContext [false] with mode [null].
21:15:54.783 [Test worker] DEBUG org.springframework.test.context.support.DependencyInjectionTestExecutionListener - Performing dependency injection for test context [[DefaultTestContext@421bf703 testClass = CalculationControllerIT, testInstance = com.example.calculatorservice.CalculationControllerIT@24734566, testMethod = [null], testException = [null], mergedContextConfiguration = [WebMergedContextConfiguration@7387328d testClass = CalculationControllerIT, locations = '{}', classes = '{class com.example.calculatorservice.CalculatorServiceApplication}', contextInitializerClasses = '[]', activeProfiles = '{}', propertySourceLocations = '{}', propertySourceProperties = '{org.springframework.boot.test.context.SpringBootTestContextBootstrapper=true, server.port=0}', contextCustomizers = set[org.springframework.boot.test.autoconfigure.properties.PropertyMappingContextCustomizer@0, org.springframework.boot.test.autoconfigure.web.servlet.WebDriverContextCustomizerFactory$Customizer@7c4a025d, org.springframework.boot.test.context.filter.ExcludeFilterContextCustomizer@7c2a8718, org.springframework.boot.test.json.DuplicateJsonObjectContextCustomizerFactory$DuplicateJsonObjectContextCustomizer@930e0f1, org.springframework.boot.test.mock.mockito.MockitoContextCustomizer@0, org.springframework.boot.test.web.client.TestRestTemplateContextCustomizer@1d1ee8a2], resourceBasePath = 'src/main/webapp', contextLoader = 'org.springframework.boot.test.context.SpringBootContextLoader', parent = [null]], attributes = map['org.springframework.test.context.web.ServletTestExecutionListener.activateListener' -> false]]].
21:15:54.807 [Test worker] DEBUG org.springframework.test.context.support.TestPropertySourceUtils - Adding inlined properties to environment: {spring.jmx.enabled=false, org.springframework.boot.test.context.SpringBootTestContextBootstrapper=true, server.port=0}

  .   ____          _            __ _ _
 /\\ / ___'_ __ _ _(_)_ __  __ _ \ \ \ \
( ( )\___ | '_ | '_| | '_ \/ _` | \ \ \ \
 \\/  ___)| |_)| | | | | || (_| |  ) ) ) )
  '  |____| .__|_| |_|_| |_\__, | / / / /
 =========|_|==============|___/=/_/_/_/
 :: Spring Boot ::        (v2.2.6.RELEASE)

2020-04-04 21:15:55.250  INFO 17252 --- [    Test worker] c.e.c.CalculationControllerIT            : Starting CalculationControllerIT on le-71 with PID 17252 (started by david in /home/david/Devel/A_SPRING/springGradleJar11RESTWebCalculator/calculator-service)
2020-04-04 21:15:55.252  INFO 17252 --- [    Test worker] c.e.c.CalculationControllerIT            : No active profile set, falling back to default profiles: default
2020-04-04 21:15:56.703  INFO 17252 --- [    Test worker] o.s.b.w.embedded.tomcat.TomcatWebServer  : Tomcat initialized with port(s): 0 (http)
2020-04-04 21:15:56.720  INFO 17252 --- [    Test worker] o.apache.catalina.core.StandardService   : Starting service [Tomcat]
2020-04-04 21:15:56.721  INFO 17252 --- [    Test worker] org.apache.catalina.core.StandardEngine  : Starting Servlet engine: [Apache Tomcat/9.0.33]
2020-04-04 21:15:56.724  INFO 17252 --- [    Test worker] o.a.catalina.core.AprLifecycleListener   : An older version [1.2.21] of the APR based Apache Tomcat Native library is installed, while Tomcat recommends a minimum version of [1.2.23]
2020-04-04 21:15:56.725  INFO 17252 --- [    Test worker] o.a.catalina.core.AprLifecycleListener   : Loaded APR based Apache Tomcat Native library [1.2.21] using APR version [1.6.3].
2020-04-04 21:15:56.725  INFO 17252 --- [    Test worker] o.a.catalina.core.AprLifecycleListener   : APR capabilities: IPv6 [true], sendfile [true], accept filters [false], random [true].
2020-04-04 21:15:56.726  INFO 17252 --- [    Test worker] o.a.catalina.core.AprLifecycleListener   : APR/OpenSSL configuration: useAprConnector [false], useOpenSSL [true]
2020-04-04 21:15:56.730  INFO 17252 --- [    Test worker] o.a.catalina.core.AprLifecycleListener   : OpenSSL successfully initialized [OpenSSL 1.1.1  11 Sep 2018]
2020-04-04 21:15:56.860  INFO 17252 --- [    Test worker] o.a.c.c.C.[Tomcat].[localhost].[/]       : Initializing Spring embedded WebApplicationContext
2020-04-04 21:15:56.860  INFO 17252 --- [    Test worker] o.s.web.context.ContextLoader            : Root WebApplicationContext: initialization completed in 1579 ms
2020-04-04 21:15:57.293  INFO 17252 --- [    Test worker] o.s.s.concurrent.ThreadPoolTaskExecutor  : Initializing ExecutorService 'applicationTaskExecutor'
2020-04-04 21:15:57.659  INFO 17252 --- [    Test worker] o.s.b.w.embedded.tomcat.TomcatWebServer  : Tomcat started on port(s): 42989 (http) with context path ''
2020-04-04 21:15:57.667  INFO 17252 --- [    Test worker] c.e.c.CalculationControllerIT            : Started CalculationControllerIT in 2.853 seconds (JVM running for 4.163)
2020-04-04 21:15:58.306  INFO 17252 --- [o-auto-1-exec-1] o.a.c.c.C.[Tomcat].[localhost].[/]       : Initializing Spring DispatcherServlet 'dispatcherServlet'
2020-04-04 21:15:58.307  INFO 17252 --- [o-auto-1-exec-1] o.s.web.servlet.DispatcherServlet        : Initializing Servlet 'dispatcherServlet'
2020-04-04 21:15:58.330  INFO 17252 --- [o-auto-1-exec-1] o.s.web.servlet.DispatcherServlet        : Completed initialization in 23 ms
]]></system-out>
  <system-err><![CDATA[]]></system-err>
</testsuite>
